NfcDetector/app/build/outputs/apk/manifest-merger-debug-report.txt
-- Merging decision tree log ---
manifest
ADDED from AndroidManifest.xml:2:1
	xmlns:android
		ADDED from AndroidManifest.xml:2:11
	package
		ADDED from AndroidManifest.xml:3:5
		INJECTED from AndroidManifest.xml:0:0
		INJECTED from AndroidManifest.xml:0:0
	android:versionName
		ADDED from AndroidManifest.xml:5:5
	android:versionCode
		ADDED from AndroidManifest.xml:4:5
		INJECTED from AndroidManifest.xml:0:0
		INJECTED from AndroidManifest.xml:0:0
uses-sdk
ADDED from AndroidManifest.xml:8:5
	android:minSdkVersion
		INJECTED from AndroidManifest.xml:0:0
		INJECTED from AndroidManifest.xml:0:0
	android:targetSdkVersion
		ADDED from AndroidManifest.xml:10:9
		INJECTED from AndroidManifest.xml:0:0
		INJECTED from AndroidManifest.xml:0:0
uses-permission#android.permission.VIBRATE
ADDED from AndroidManifest.xml:11:7
	android:name
		ADDED from AndroidManifest.xml:11:24
uses-permission#android.permission.NFC
ADDED from AndroidManifest.xml:12:6
	android:name
		ADDED from AndroidManifest.xml:12:23
uses-permission#android.permission.INTERNET
ADDED from AndroidManifest.xml:14:4
	android:name
		ADDED from AndroidManifest.xml:14:21
uses-feature#android.hardware.nfc
ADDED from AndroidManifest.xml:15:2
	android:required
		ADDED from AndroidManifest.xml:15:52
	android:name
		ADDED from AndroidManifest.xml:15:16
uses-permission#android.permission.READ_PHONE_STATE
ADDED from AndroidManifest.xml:17:1
	android:name
		ADDED from AndroidManifest.xml:17:18
uses-permission#android.permission.ACCESS_NETWORK_STATE
ADDED from AndroidManifest.xml:18:5
	android:name
		ADDED from AndroidManifest.xml:18:22
application
ADDED from AndroidManifest.xml:19:5
	android:label
		ADDED from AndroidManifest.xml:22:9
	android:allowBackup
		ADDED from AndroidManifest.xml:20:9
	android:icon
		ADDED from AndroidManifest.xml:21:9
	android:theme
		ADDED from AndroidManifest.xml:23:9
	android:launchMode
		ADDED from AndroidManifest.xml:24:9
service#com.example.nfcdetector.MyService
ADDED from AndroidManifest.xml:26:11
	android:name
		ADDED from AndroidManifest.xml:27:3
intent-filter#android.intent.action.MAIN+android.intent.category.LAUNCHER
ADDED from AndroidManifest.xml:31:14
action#android.intent.action.MAIN
ADDED from AndroidManifest.xml:32:1
	android:name
		ADDED from AndroidManifest.xml:32:9
category#android.intent.category.LAUNCHER
ADDED from AndroidManifest.xml:33:1
	android:name
		ADDED from AndroidManifest.xml:33:11
intent-filter#android.nfc.action.TAG_DISCOVERED
ADDED from AndroidManifest.xml:36:1
action#android.nfc.action.TAG_DISCOVERED
ADDED from AndroidManifest.xml:37:1
	android:name
		ADDED from AndroidManifest.xml:37:9
activity#com.example.nfcdetector.MainActivity
ADDED from AndroidManifest.xml:45:9
	android:screenOrientation
		ADDED from AndroidManifest.xml:49:13
	android:label
		ADDED from AndroidManifest.xml:47:13
	android:name
		ADDED from AndroidManifest.xml:46:13
	android:launchMode
		ADDED from AndroidManifest.xml:48:13
intent-filter#android.intent.category.DEFAULT+android.nfc.action.TECH_DISCOVERED
ADDED from AndroidManifest.xml:55:13
action#android.nfc.action.TECH_DISCOVERED
ADDED from AndroidManifest.xml:56:17
	android:name
		ADDED from AndroidManifest.xml:56:25
category#android.intent.category.DEFAULT
ADDED from AndroidManifest.xml:57:17
	android:name
		ADDED from AndroidManifest.xml:57:27
meta-data#android.nfc.action.TECH_DISCOVERED
ADDED from AndroidManifest.xml:61:13
	android:resource
		ADDED from AndroidManifest.xml:63:17
	android:name
		ADDED from AndroidManifest.xml:62:17
activity#com.example.nfcdetector.WriteActivity
ADDED from AndroidManifest.xml:72:9
	android:screenOrientation
		ADDED from AndroidManifest.xml:76:13
	android:label
		ADDED from AndroidManifest.xml:74:13
	android:name
		ADDED from AndroidManifest.xml:73:13
	android:launchMode
		ADDED from AndroidManifest.xml:75:13